2018-04-17 13:58:44,767 [ thread 45]   INFO - s.log.data.VcsLogRefresherImpl - Not enough first block 
com.intellij.vcs.log.data.VcsLogRefreshNotEnoughDataException: Not enough first block
	at com.intellij.vcs.log.data.VcsLogJoiner.getFirstUnTrackedIndex(VcsLogJoiner.java:104)
	at com.intellij.vcs.log.data.VcsLogJoiner.getNewCommitsAndSavedGreenIndex(VcsLogJoiner.java:89)
	at com.intellij.vcs.log.data.VcsLogJoiner.addCommits(VcsLogJoiner.java:51)
	at com.intellij.vcs.log.data.VcsLogRefresherImpl$MyRefreshTask.join(VcsLogRefresherImpl.java:321)
	at com.intellij.vcs.log.data.VcsLogRefresherImpl$MyRefreshTask.doRefresh(VcsLogRefresherImpl.java:255)
	at com.intellij.vcs.log.data.VcsLogRefresherImpl$MyRefreshTask.run(VcsLogRefresherImpl.java:226)
	at com.intellij.openapi.progress.impl.CoreProgressManager$TaskRunnable.run(CoreProgressManager.java:726)
	at com.intellij.openapi.progress.impl.CoreProgressManager.lambda$runProcess$1(CoreProgressManager.java:176)
	at com.intellij.openapi.progress.impl.CoreProgressManager.registerIndicatorAndRun(CoreProgressManager.java:556)
	at com.intellij.openapi.progress.impl.CoreProgressManager.executeProcessUnderProgress(CoreProgressManager.java:501)
	at com.intellij.openapi.progress.impl.ProgressManagerImpl.executeProcessUnderProgress(ProgressManagerImpl.java:66)
	at com.intellij.openapi.progress.impl.CoreProgressManager.runProcess(CoreProgressManager.java:163)
	at com.intellij.openapi.progress.impl.ProgressManagerImpl$1.run(ProgressManagerImpl.java:137)
	at com.intellij.openapi.application.impl.ApplicationImpl$2.run(ApplicationImpl.java:334)
	at java.util.concurrent.Executors$RunnableAdapter.call(Executors.java:511)
	at java.util.concurrent.FutureTask.run(FutureTask.java:266)
	at java.util.concurrent.ThreadPoolExecutor.runWorker(ThreadPoolExecutor.java:1142)
	at java.util.concurrent.ThreadPoolExecutor$Worker.run(ThreadPoolExecutor.java:617)
	at java.lang.Thread.run(Thread.java:745)
2018-04-17 13:58:46,452 [ thread 45]   INFO - s.log.data.VcsLogRefresherImpl - Not enough first block 
com.intellij.vcs.log.data.VcsLogRefreshNotEnoughDataException: Not enough first block
	at com.intellij.vcs.log.data.VcsLogJoiner.getFirstUnTrackedIndex(VcsLogJoiner.java:104)
	at com.intellij.vcs.log.data.VcsLogJoiner.getNewCommitsAndSavedGreenIndex(VcsLogJoiner.java:89)
	at com.intellij.vcs.log.data.VcsLogJoiner.addCommits(VcsLogJoiner.java:51)
	at com.intellij.vcs.log.data.VcsLogRefresherImpl$MyRefreshTask.join(VcsLogRefresherImpl.java:321)
	at com.intellij.vcs.log.data.VcsLogRefresherImpl$MyRefreshTask.doRefresh(VcsLogRefresherImpl.java:255)
	at com.intellij.vcs.log.data.VcsLogRefresherImpl$MyRefreshTask.run(VcsLogRefresherImpl.java:226)
	at com.intellij.openapi.progress.impl.CoreProgressManager$TaskRunnable.run(CoreProgressManager.java:726)
	at com.intellij.openapi.progress.impl.CoreProgressManager.lambda$runProcess$1(CoreProgressManager.java:176)
	at com.intellij.openapi.progress.impl.CoreProgressManager.registerIndicatorAndRun(CoreProgressManager.java:556)
	at com.intellij.openapi.progress.impl.CoreProgressManager.executeProcessUnderProgress(CoreProgressManager.java:501)
	at com.intellij.openapi.progress.impl.ProgressManagerImpl.executeProcessUnderProgress(ProgressManagerImpl.java:66)
	at com.intellij.openapi.progress.impl.CoreProgressManager.runProcess(CoreProgressManager.java:163)
	at com.intellij.openapi.progress.impl.ProgressManagerImpl$1.run(ProgressManagerImpl.java:137)
	at com.intellij.openapi.application.impl.ApplicationImpl$2.run(ApplicationImpl.java:334)
	at java.util.concurrent.Executors$RunnableAdapter.call(Executors.java:511)
	at java.util.concurrent.FutureTask.run(FutureTask.java:266)
	at java.util.concurrent.ThreadPoolExecutor.runWorker(ThreadPoolExecutor.java:1142)
	at java.util.concurrent.ThreadPoolExecutor$Worker.run(ThreadPoolExecutor.java:617)
	at java.lang.Thread.run(Thread.java:745)
2018-04-17 13:58:46,453 [ thread 45]   INFO - s.log.data.VcsLogRefresherImpl - Couldn't join 5000 recent commits to the log (0 commits) 
2018-04-17 14:15:39,035 [ thread 50]   INFO -  #git4idea.commands.GitHandler - [.AndroidStudio3.0] git -c core.quotepath=false push --progress --porcelain origin refs/heads/master:master --set-upstream 
2018-04-17 14:15:56,183 [unnerw.exe]   INFO -  #git4idea.commands.GitHandler - Counting objects: 911, done. 
2018-04-17 14:15:56,803 [unnerw.exe]   INFO -  #git4idea.commands.GitHandler - Delta compression using up to 2 threads. 
2018-04-17 14:16:25,895 [unnerw.exe]   INFO -  #git4idea.commands.GitHandler - Compressing objects: 100% (755/755), done. 
2018-04-17 14:37:46,713 [unnerw.exe]   INFO -  #git4idea.commands.GitHandler - Writing objects: 100% (911/911), 187.76 MiB | 150.00 KiB/s, done. 
2018-04-17 14:37:46,713 [unnerw.exe]   INFO -  #git4idea.commands.GitHandler - Total 911 (delta 295), reused 0 (delta 0) 
2018-04-17 14:37:47,150 [unnerw.exe]   INFO -  #git4idea.commands.GitHandler - remote: Resolving deltas: 100% (295/295), done. 
2018-04-17 14:37:47,534 [unnerw.exe]   INFO -  #git4idea.commands.GitHandler - remote: warning: GH001: Large files detected. You may want to try Git Large File Storage - https://git-lfs.github.com. 
2018-04-17 14:37:47,534 [unnerw.exe]   INFO -  #git4idea.commands.GitHandler - remote: warning: See http://git.io/iEPt8g for more information. 
2018-04-17 14:37:47,534 [unnerw.exe]   INFO -  #git4idea.commands.GitHandler - remote: warning: File system/caches/content.dat.storageData is 71.18 MB; this is larger than GitHub's recommended maximum file size of 50.00 MB 
2018-04-17 14:37:52,282 [unnerw.exe]   INFO -  #git4idea.commands.GitHandler - To https://github.com/Hiikary/RMproject.git 
2018-04-17 14:37:52,282 [unnerw.exe]   INFO -  #git4idea.commands.GitHandler - *	refs/heads/master:refs/heads/master	[new branch] 
2018-04-17 14:37:52,282 [unnerw.exe]   INFO -  #git4idea.commands.GitHandler - Branch 'master' set up to track remote branch 'master' from 'origin'. 
2018-04-17 14:37:52,282 [unnerw.exe]   INFO -  #git4idea.commands.GitHandler - Done 
2018-04-17 14:37:52,306 [ thread 50]   INFO -  #git4idea.commands.GitHandler - git push took 1333271 ms. Command parameters: 
"C:\Program Files\Android\Android Studio\bin\runnerw.exe" git.exe -c core.quotepath=false push --progress --porcelain origin refs/heads/master:master --set-upstream 
2018-04-17 14:51:12,549 [se-915-b01]   INFO - stubs.SerializationManagerImpl - START StubSerializationManager SHUTDOWN 
2018-04-17 14:51:12,549 [se-915-b01]   INFO - stubs.SerializationManagerImpl - END StubSerializationManager SHUTDOWN 
2018-04-17 14:51:12,661 [se-915-b01]   INFO - org.jetbrains.io.BuiltInServer - web server stopped 
2018-04-17 14:51:12,701 [se-915-b01]   INFO - Types.impl.FileTypeManagerImpl - FileTypeManager: 177 auto-detected files
Elapsed time on auto-detect: 1396 ms 
2018-04-17 14:51:13,169 [fier64.exe]   INFO - pl.local.NativeFileWatcherImpl - Watcher terminated with exit code 0 
2018-04-17 14:51:13,173 [se-915-b01]   INFO - il.indexing.FileBasedIndexImpl - START INDEX SHUTDOWN 
2018-04-17 14:51:14,709 [se-915-b01]   INFO - il.indexing.FileBasedIndexImpl - END INDEX SHUTDOWN 
2018-04-17 14:51:14,741 [se-915-b01]   INFO - newvfs.persistent.PersistentFS - VFS dispose started 
2018-04-17 14:51:14,781 [se-915-b01]   INFO - newvfs.persistent.PersistentFS - VFS dispose completed 
2018-04-17 14:51:14,797 [ - logging]   INFO -        #com.intellij.idea.Main - ------------------------------------------------------ IDE SHUTDOWN ------------------------------------------------------ 
2018-04-17 14:51:14,805 [wn tracker]   INFO - org.jetbrains.io.BuiltInServer - web server stopped 
2018-04-18 04:07:56,510 [ain Thread]   INFO -        #com.intellij.idea.Main - ------------------------------------------------------ IDE STARTED ------------------------------------------------------ 
2018-04-18 04:07:56,556 [se-915-b01]   INFO -        #com.intellij.idea.Main - IDE: Android Studio (build #AI-171.4443003, 09 Nov 2017 19:56) 
2018-04-18 04:07:56,556 [se-915-b01]   INFO -        #com.intellij.idea.Main - OS: Windows 8.1 (6.3, amd64) 
2018-04-18 04:07:56,556 [se-915-b01]   INFO -        #com.intellij.idea.Main - JRE: 1.8.0_152-release-915-b01 (JetBrains s.r.o) 
2018-04-18 04:07:56,556 [se-915-b01]   INFO -        #com.intellij.idea.Main - JVM: 25.152-b01 (OpenJDK 64-Bit Server VM) 
2018-04-18 04:07:56,556 [se-915-b01]   INFO -        #com.intellij.idea.Main - JVM Args: -Xms256m -Xmx1280m -XX:ReservedCodeCacheSize=240m -XX:+UseConcMarkSweepGC -XX:SoftRefLRUPolicyMSPerMB=50 -Dsun.io.useCanonCaches=false -Djava.net.preferIPv4Stack=true -Djna.nosys=true -Djna.boot.library.path= -da -Djb.vmOptionsFile=C:\Program Files\Android\Android Studio\bin\studio64.exe.vmoptions -Xbootclasspath/a:C:\Program Files\Android\Android Studio\lib\boot.jar -Didea.platform.prefix=AndroidStudio -Didea.jre.check=true -Didea.paths.selector=AndroidStudio3.0 -XX:ErrorFile=C:\Users\PORTABLE\java_error_in_studio_%p.log -XX:HeapDumpPath=C:\Users\PORTABLE\java_error_in_studio.hprof 
2018-04-18 04:07:56,556 [se-915-b01]   INFO -        #com.intellij.idea.Main - ext: C:\Program Files\Android\Android Studio\jre\jre\lib\ext: [access-bridge-64.jar, cldrdata.jar, dnsns.jar, jaccess.jar, localedata.jar, meta-index, nashorn.jar, sunec.jar, sunjce_provider.jar, sunmscapi.jar, sunpkcs11.jar, zipfs.jar] 
2018-04-18 04:07:56,556 [se-915-b01]   INFO -        #com.intellij.idea.Main - JNU charset: Cp1252 
2018-04-18 04:07:57,916 [se-915-b01]   INFO -        #com.intellij.idea.Main - JNA library (64-bit) loaded in 1360 ms 
2018-04-18 04:07:57,931 [se-915-b01]   INFO - penapi.util.io.win32.IdeaWin32 - Native filesystem for Windows is operational 
2018-04-18 04:07:57,931 [se-915-b01]   INFO -        #com.intellij.idea.Main - Using "FocusKiller" library to prevent focus stealing. 
2018-04-18 04:07:57,947 [se-915-b01]   INFO -     #com.intellij.util.ui.JBUI - UI scale factor: 1.0 
2018-04-18 04:08:06,135 [entQueue-0]   INFO - llij.ide.plugins.PluginManager - Cannot find optional descriptor duplicates-groovy.xml 
2018-04-18 04:08:10,495 [entQueue-0]   INFO - llij.ide.plugins.PluginManager - 37 plugins initialized in 9016 ms 
2018-04-18 04:08:10,526 [entQueue-0]   INFO - llij.ide.plugins.PluginManager - Loaded bundled plugins: Android APK Support (1.0), Android Games (1.0), Android NDK Support (1.0), Android Support (10.3.0.1), App Links Assistant (0.1), CVS Integration (11), Copyright (8.1), Coverage (171.4249.39), EditorConfig (171.4249.39), Firebase App Indexing (0.1), Firebase Services (0.1), Firebase Testing (1.0), Git Integration (8.1), GitHub (171.4249.39), Google Cloud Tools Core (0.2.8), Google Cloud Tools For Android Studio (0.2.8), Google Developers Samples (0.3.1), Google Login (1.0), Google Services (0.1), Gradle (171.4249.39), Groovy (9.0), I18n for Java (171.4249.39), IDEA CORE (171.4249.39), IntelliLang (8.0), JUnit (1.0), Java Bytecode Decompiler (171.4249.39), Kotlin (1.1.51-release-Studio3.0-1), Properties Support (171.4249.39), Settings Repository (171.4249.39), Smali Support (1.0), Subversion Integration (1.1), Task Management (1.0), Terminal (0.1), Test Recorder (1.0), TestNG-J (8.0), YAML (171.4249.39), hg4idea (10.0) 
2018-04-18 04:08:55,275 [entQueue-0]   INFO - ellij.util.io.PagedFileStorage - lower=100; upper=500; buffer=10; max=1243 
2018-04-18 04:08:56,107 [entQueue-0]   INFO - pl.local.NativeFileWatcherImpl - Starting file watcher: C:\Program Files\Android\Android Studio\bin\fsnotifier64.exe 
2018-04-18 04:08:56,196 [entQueue-0]   INFO - pl.local.NativeFileWatcherImpl - Native file watcher is operational. 
2018-04-18 04:09:17,522 [se-915-b01]   INFO - til.net.ssl.CertificateManager - Default SSL context initialized 
2018-04-18 04:09:22,144 [se-915-b01]   INFO - gs.impl.UpdateCheckerComponent - channel: release 
2018-04-18 04:09:22,738 [d thread 3]   INFO - rains.ide.BuiltInServerManager - built-in server started, port 63342 
2018-04-18 04:09:28,967 [se-915-b01]   INFO - il.indexing.FileBasedIndexImpl - Index exts enumerated:5803 
2018-04-18 04:09:28,987 [se-915-b01]   INFO - il.indexing.FileBasedIndexImpl - Index scheduled:18 
2018-04-18 04:09:29,921 [se-915-b01]   INFO - tellij.psi.stubs.StubIndexImpl - All stub exts enumerated:584 
2018-04-18 04:09:29,922 [se-915-b01]   INFO - tellij.psi.stubs.StubIndexImpl - stub exts update scheduled:1 
2018-04-18 04:09:31,047 [se-915-b01]   INFO - j.ide.script.IdeStartupScripts - 0 startup script(s) found 
2018-04-18 04:09:40,597 [se-915-b01]   INFO - ellij.project.impl.ProjectImpl - 19 project components initialized in 6375 ms 
2018-04-18 04:09:56,647 [d thread 4]   INFO - pl$FileIndexDataInitialization - Initialization done:27656 
2018-04-18 04:10:12,003 [d thread 4]   INFO - exImpl$StubIndexInitialization - Initialization done:15358 
2018-04-18 04:10:14,662 [se-915-b01]   INFO - plication.impl.ApplicationImpl - 87 application components initialized in 133199ms 
2018-04-18 04:10:14,802 [se-915-b01]   INFO - .intellij.idea.IdeaApplication - App initialization took 139473 ms 
2018-04-18 04:10:20,258 [d thread 3]   WARN - dea.updater.SdkComponentSource - File C:\Users\PORTABLE\.android\repositories.cfg could not be loaded. 
2018-04-18 04:10:20,375 [d thread 3]   INFO - dea.updater.SdkComponentSource - Downloading https://dl.google.com/android/repository/addons_list-3.xml 
2018-04-18 04:10:21,332 [d thread 3]   INFO - dea.updater.SdkComponentSource - Downloading https://dl.google.com/android/repository/sys-img/android/sys-img2-1.xml 
2018-04-18 04:10:22,419 [d thread 3]   INFO - dea.updater.SdkComponentSource - Downloading https://dl.google.com/android/repository/sys-img/android-wear/sys-img2-1.xml 
2018-04-18 04:10:22,768 [d thread 3]   INFO - dea.updater.SdkComponentSource - Downloading https://dl.google.com/android/repository/sys-img/android-wear-cn/sys-img2-1.xml 
2018-04-18 04:10:23,113 [d thread 3]   INFO - dea.updater.SdkComponentSource - Downloading https://dl.google.com/android/repository/sys-img/android-tv/sys-img2-1.xml 
2018-04-18 04:10:23,437 [d thread 3]   INFO - dea.updater.SdkComponentSource - Downloading https://dl.google.com/android/repository/sys-img/google_apis/sys-img2-1.xml 
2018-04-18 04:10:23,905 [d thread 3]   INFO - dea.updater.SdkComponentSource - Downloading https://dl.google.com/android/repository/sys-img/google_apis_playstore/sys-img2-1.xml 
2018-04-18 04:10:24,309 [d thread 3]   INFO - dea.updater.SdkComponentSource - Downloading https://dl.google.com/android/repository/addon2-1.xml 
2018-04-18 04:10:24,321 [d thread 2]   INFO - .openapi.application.Preloader - Finished preloading com.intellij.openapi.actionSystem.impl.ActionPreloader@12985cb1 
2018-04-18 04:10:24,853 [d thread 3]   INFO - dea.updater.SdkComponentSource - Downloading https://dl.google.com/android/repository/glass/addon2-1.xml 
2018-04-18 04:10:25,133 [d thread 3]   INFO - dea.updater.SdkComponentSource - Downloading https://dl.google.com/android/repository/extras/intel/addon2-1.xml 
2018-04-18 04:10:25,397 [d thread 3]   INFO - dea.updater.SdkComponentSource - Downloading file:/C:/Program%20Files/Android/Android%20Studio/plugins/sdk-updates/offline-repo/offline-repo.xml 
2018-04-18 04:10:27,137 [d thread 3]   INFO - dea.updater.SdkComponentSource - Downloading https://dl.google.com/android/repository/repository2-1.xml 
2018-04-18 04:10:34,927 [d thread 2]   INFO - .openapi.application.Preloader - Finished preloading com.intellij.ide.ui.search.SearchableOptionPreloader@ab02608 
2018-04-18 04:10:37,071 [d thread 4]   INFO - ellij.project.impl.ProjectImpl - 151 project components initialized in 18030 ms 
2018-04-18 04:10:38,575 [d thread 2]   INFO - .openapi.application.Preloader - Finished preloading com.intellij.codeInsight.completion.CompletionPreloader@376b0532 
2018-04-18 04:10:38,867 [d thread 4]   INFO - le.impl.ModuleManagerComponent - 2 module(s) loaded in 1796 ms 
2018-04-18 04:10:49,075 [d thread 2]   INFO - .diagnostic.PerformanceWatcher - Pushing properties took 1538ms; general responsiveness: ok; EDT responsiveness: ok 
2018-04-18 04:10:54,993 [d thread 4]   INFO - tartup.impl.StartupManagerImpl - OpenFilesActivity run in 6993 
2018-04-18 04:10:55,237 [d thread 4]   INFO - tartup.impl.StartupManagerImpl - InitToolWindowsActivity run in 244 
2018-04-18 04:10:55,717 [d thread 2]   INFO -       ScriptTemplatesProviders - [kts] loading script definitions [] using cp:  
2018-04-18 04:10:55,805 [d thread 2]   INFO -       ScriptTemplatesProviders - Templates provider KotlinCompilerScriptTemplatesSettings is invalid:  
2018-04-18 04:10:56,621 [d thread 2]   INFO - s.plugins.gradle.GradleManager - Instructing gradle to use java from C:/Program Files/Android/Android Studio/jre 
2018-04-18 04:10:56,629 [d thread 2]   INFO -       ScriptTemplatesProviders - [kts] loading script definitions [org.gradle.kotlin.dsl.KotlinBuildScript] using cp: C:\Users\PORTABLE\.gradle\wrapper\dists\gradle-4.1-all\bzyivzo6n839fup2jbap0tjew\gradle-4.1\lib\gradle-core-4.1.jar;C:\Users\PORTABLE\.gradle\wrapper\dists\gradle-4.1-all\bzyivzo6n839fup2jbap0tjew\gradle-4.1\lib\gradle-kotlin-dsl-0.10.3.jar;C:\Users\PORTABLE\.gradle\wrapper\dists\gradle-4.1-all\bzyivzo6n839fup2jbap0tjew\gradle-4.1\lib\gradle-kotlin-dsl-compiler-plugin-0.10.3.jar;C:\Users\PORTABLE\.gradle\wrapper\dists\gradle-4.1-all\bzyivzo6n839fup2jbap0tjew\gradle-4.1\lib\gradle-kotlin-dsl-tooling-builders-0.10.3.jar;C:\Users\PORTABLE\.gradle\wrapper\dists\gradle-4.1-all\bzyivzo6n839fup2jbap0tjew\gradle-4.1\lib\gradle-kotlin-dsl-tooling-models-0.10.3.jar;C:\Users\PORTABLE\.gradle\wrapper\dists\gradle-4.1-all\bzyivzo6n839fup2jbap0tjew\gradle-4.1\lib\kotlin-compiler-embeddable-1.1.3-2.jar 
2018-04-18 04:10:56,877 [d thread 2]   INFO - s.plugins.gradle.GradleManager - Instructing gradle to use java from C:/Program Files/Android/Android Studio/jre 
2018-04-18 04:10:56,885 [d thread 2]   INFO -       ScriptTemplatesProviders - [kts] loading script definitions [org.gradle.script.lang.kotlin.KotlinBuildScript] using cp: C:\Users\PORTABLE\.gradle\wrapper\dists\gradle-4.1-all\bzyivzo6n839fup2jbap0tjew\gradle-4.1\lib\gradle-core-4.1.jar 
2018-04-18 04:10:56,893 [d thread 2]   INFO -       ScriptTemplatesProviders - Templates provider Gradle Script Kotlin is invalid: org.gradle.script.lang.kotlin.KotlinBuildScript 
2018-04-18 04:10:56,893 [d thread 2]   INFO -       ScriptTemplatesProviders - [kts] loading script definitions [kotlin.script.templates.standard.ScriptTemplateWithArgs] using cp:  
2018-04-18 04:10:58,371 [se-915-b01]   INFO - tartup.impl.StartupManagerImpl - C:/Users/PORTABLE/.AndroidStudio3.0/.idea case-sensitivity: expected=false actual=false 
2018-04-18 04:11:00,364 [se-915-b01]   INFO - tor.impl.FileEditorManagerImpl - Project opening took 42005 ms 
2018-04-18 04:11:12,336 [d thread 2]   INFO - .diagnostic.PerformanceWatcher - Indexable file iteration took 23249ms; general responsiveness: 4/22 sluggish, 1/22 very slow; EDT responsiveness: 6/22 sluggish, 3/22 very slow 
2018-04-18 04:11:12,348 [d thread 2]   INFO - indexing.UnindexedFilesUpdater - Unindexed files update started: 1 files to update 
2018-04-18 04:11:12,740 [d thread 2]   INFO - .diagnostic.PerformanceWatcher - Unindexed files update took 392ms; general responsiveness: ok; EDT responsiveness: ok 
2018-04-18 04:11:13,052 [d thread 2]   INFO -       #com.jetbrains.cidr.lang - Clearing symbols finished in 0 s. 
2018-04-18 04:11:13,276 [d thread 2]   INFO -       #com.jetbrains.cidr.lang - Loading symbols finished in 0 s. 
2018-04-18 04:11:13,332 [d thread 2]   INFO -       #com.jetbrains.cidr.lang - Building symbols finished in 0 s. 
2018-04-18 04:11:13,376 [d thread 2]   INFO -       #com.jetbrains.cidr.lang - Saving symbols finished in 0 s. 
2018-04-18 04:11:13,760 [se-915-b01]   INFO - tartup.impl.StartupManagerImpl - ProjectInspectionProfileStartUpActivity run in 348 
2018-04-18 04:11:14,910 [ thread 12]   INFO -         #git4idea.commands.Git - VirtualFile for path [system/log/threadDumps-freeze-20180417-145109-AI-171.4443003/threadDump-20180417-145109.txt] is null 
2018-04-18 04:11:14,910 [ thread 12]   INFO -         #git4idea.commands.Git - VirtualFile for path [system/log/threadDumps-freeze-20180418-040919-AI-171.4443003-60sec/threadDump-20180418-040919.txt] is null 
2018-04-18 04:11:14,910 [ thread 12]   INFO -         #git4idea.commands.Git - VirtualFile for path [system/log/threadDumps-freeze-20180418-040919-AI-171.4443003-60sec/threadDump-20180418-040925.txt] is null 
2018-04-18 04:11:14,910 [ thread 12]   INFO -         #git4idea.commands.Git - VirtualFile for path [system/log/threadDumps-freeze-20180418-040919-AI-171.4443003-60sec/threadDump-20180418-040930.txt] is null 
2018-04-18 04:11:14,910 [ thread 12]   INFO -         #git4idea.commands.Git - VirtualFile for path [system/log/threadDumps-freeze-20180418-040919-AI-171.4443003-60sec/threadDump-20180418-040935.txt] is null 
2018-04-18 04:11:14,910 [ thread 12]   INFO -         #git4idea.commands.Git - VirtualFile for path [system/log/threadDumps-freeze-20180418-040919-AI-171.4443003-60sec/threadDump-20180418-040941.txt] is null 
2018-04-18 04:11:14,910 [ thread 12]   INFO -         #git4idea.commands.Git - VirtualFile for path [system/log/threadDumps-freeze-20180418-040919-AI-171.4443003-60sec/threadDump-20180418-040946.txt] is null 
2018-04-18 04:11:14,910 [ thread 12]   INFO -         #git4idea.commands.Git - VirtualFile for path [system/log/threadDumps-freeze-20180418-040919-AI-171.4443003-60sec/threadDump-20180418-040951.txt] is null 
2018-04-18 04:11:14,910 [ thread 12]   INFO -         #git4idea.commands.Git - VirtualFile for path [system/log/threadDumps-freeze-20180418-040919-AI-171.4443003-60sec/threadDump-20180418-040956.txt] is null 
2018-04-18 04:11:14,910 [ thread 12]   INFO -         #git4idea.commands.Git - VirtualFile for path [system/log/threadDumps-freeze-20180418-040919-AI-171.4443003-60sec/threadDump-20180418-041001.txt] is null 
2018-04-18 04:11:14,910 [ thread 12]   INFO -         #git4idea.commands.Git - VirtualFile for path [system/log/threadDumps-freeze-20180418-040919-AI-171.4443003-60sec/threadDump-20180418-041006.txt] is null 
2018-04-18 04:11:14,914 [ thread 12]   INFO -         #git4idea.commands.Git - VirtualFile for path [system/log/threadDumps-freeze-20180418-040919-AI-171.4443003-60sec/threadDump-20180418-041011.txt] is null 
2018-04-18 04:11:14,914 [ thread 12]   INFO -         #git4idea.commands.Git - VirtualFile for path [system/log/threadDumps-freeze-20180418-040919-AI-171.4443003-60sec/threadDump-20180418-041016.txt] is null 
2018-04-18 04:11:14,914 [ thread 12]   INFO -         #git4idea.commands.Git - VirtualFile for path [system/log/threadDumps-freeze-20180418-041044-AI-171.4443003-2sec/threadDump-20180418-041044.txt] is null 
2018-04-18 04:11:14,914 [ thread 12]   INFO -         #git4idea.commands.Git - VirtualFile for path [system/tmp/AndroidStudio.cc178a7a-b0e0-41f8-a628-bfbb81760489] is null 
2018-04-18 04:11:14,914 [ thread 12]   INFO -         #git4idea.commands.Git - VirtualFile for path [system/tmp/jna2949940937794432479.dll] is null 
2018-04-18 04:11:14,914 [ thread 12]   INFO -         #git4idea.commands.Git - VirtualFile for path [system/tmp/jna2949940937794432479.dll.x] is null 
2018-04-18 04:11:15,058 [se-915-b01]   INFO - tartup.impl.StartupManagerImpl - ExternalSystemStartupActivity run in 1298 
2018-04-18 04:11:16,411 [se-915-b01]   INFO - e.project.sync.GradleSyncState - Started sync with Gradle for project '.AndroidStudio3.0'. 
2018-04-18 04:11:18,219 [d thread 4]   INFO - s.plugins.gradle.GradleManager - Instructing gradle to use java from C:/Program Files/Android/Android Studio/jre 
2018-04-18 04:11:18,243 [d thread 4]   INFO - s.plugins.gradle.GradleManager - Instructing gradle to use java from C:/Program Files/Android/Android Studio/jre 
2018-04-18 04:11:38,279 [d thread 4]   INFO - oject.common.GradleInitScripts - init script file sync.local.repo contents "allprojects {\n  buildscript {\n    repositories {\n      maven { url 'C:\\\\Program Files\\\\Android\\\\Android Studio\\\\gradle\\\\m2repository'}\n    }\n  }\n  repositories {\n      maven { url 'C:\\\\Program Files\\\\Android\\\\Android Studio\\\\gradle\\\\m2repository'}\n  }\n}\n" 
2018-04-18 04:11:38,399 [d thread 4]   INFO - xecution.GradleExecutionHelper - Passing command-line args to Gradle Tooling API: -Didea.version=3.0 -Djava.awt.headless=true -Pandroid.injected.build.model.only=true -Pandroid.injected.build.model.only.advanced=true -Pandroid.injected.invoked.from.ide=true -Pandroid.injected.build.model.only.versioned=3 -Pandroid.injected.studio.version=3.0.1.0 --init-script C:\Users\PORTABLE\AppData\Local\Temp\sync.local.repo2.gradle --init-script C:\Users\PORTABLE\AppData\Local\Temp\ijinit1.gradle 
2018-04-18 04:13:16,743 [d thread 4]   INFO - e.project.sync.GradleSyncState - Started setup of project '.AndroidStudio3.0'. 
2018-04-18 04:13:21,883 [se-915-b01]   INFO - pl.ProjectRootManagerComponent - project roots have changed 
2018-04-18 04:13:22,055 [d thread 4]   INFO - .diagnostic.PerformanceWatcher - Pushing properties took 16ms; general responsiveness: ok; EDT responsiveness: ok 
2018-04-18 04:13:22,187 [ thread 14]   INFO - etup.post.PluginVersionUpgrade - Gradle model version: 3.0.1, recommended version for IDE: 3.0.1 
2018-04-18 04:13:22,419 [d thread 4]   INFO - .diagnostic.PerformanceWatcher - Indexable file iteration took 362ms; general responsiveness: 1/1 sluggish; EDT responsiveness: ok 
2018-04-18 04:13:22,510 [ thread 14]   INFO - ild.invoker.GradleBuildInvoker - About to execute Gradle tasks: [:app:generateDebugSources, :app:generateDebugAndroidTestSources, :app:mockableAndroidJar] 
2018-04-18 04:13:23,136 [ thread 14]   INFO - e.project.sync.GradleSyncState - Gradle sync finished in 2m 6s 593ms 
2018-04-18 04:13:23,263 [ thread 15]   INFO - s.plugins.gradle.GradleManager - Instructing gradle to use java from C:/Program Files/Android/Android Studio/jre 
2018-04-18 04:13:24,127 [ thread 18]   INFO -       #com.jetbrains.cidr.lang - Clearing symbols finished in 0 s. 
2018-04-18 04:13:24,133 [ thread 18]   INFO -       #com.jetbrains.cidr.lang - Loading symbols finished in 0 s. 
2018-04-18 04:13:24,138 [ thread 18]   INFO -       #com.jetbrains.cidr.lang - Building symbols finished in 0 s. 
2018-04-18 04:13:24,151 [ thread 18]   INFO -       #com.jetbrains.cidr.lang - Saving symbols finished in 0 s. 
2018-04-18 04:13:25,169 [ thread 15]   INFO - CompilerWorkspaceConfiguration - Available processors: 2 
2018-04-18 04:13:25,769 [ thread 15]   INFO - oject.common.GradleInitScripts - init script file sync.local.repo contents "allprojects {\n  buildscript {\n    repositories {\n      maven { url 'C:\\\\Program Files\\\\Android\\\\Android Studio\\\\gradle\\\\m2repository'}\n    }\n  }\n  repositories {\n      maven { url 'C:\\\\Program Files\\\\Android\\\\Android Studio\\\\gradle\\\\m2repository'}\n  }\n}\n" 
2018-04-18 04:13:25,858 [ thread 15]   INFO - ild.invoker.GradleBuildInvoker - Build command line options: [--configure-on-demand, -Pandroid.injected.invoked.from.ide=true, -Pandroid.injected.generateSourcesOnly=true, --init-script, C:\Users\PORTABLE\AppData\Local\Temp\sync.local.repo352.gradle] 
2018-04-18 04:13:25,870 [ thread 15]   INFO - xecution.GradleExecutionHelper - Passing command-line args to Gradle Tooling API: --configure-on-demand -Pandroid.injected.invoked.from.ide=true -Pandroid.injected.generateSourcesOnly=true --init-script C:\Users\PORTABLE\AppData\Local\Temp\sync.local.repo352.gradle 
2018-04-18 04:14:07,310 [se-915-b01]   INFO - ild.invoker.GradleBuildInvoker - Gradle build finished with 7 error(s) in 43s 577ms 
2018-04-18 04:14:07,494 [se-915-b01]   INFO - pl.ProjectRootManagerComponent - project roots have changed 
2018-04-18 04:14:08,137 [ thread 14]   INFO - .diagnostic.PerformanceWatcher - Pushing properties took 263ms; general responsiveness: ok; EDT responsiveness: ok 
2018-04-18 04:14:10,168 [ thread 14]   INFO - .diagnostic.PerformanceWatcher - Indexable file iteration took 2030ms; general responsiveness: 1/2 sluggish; EDT responsiveness: ok 
2018-04-18 04:15:14,123 [ thread 20]   WARN - dea.sdk.SystemInfoStatsMonitor - CpuInfoFlags.fromExitCode(): unknown flag values '0x80' 
2018-04-18 04:38:30,746 [se-915-b01]   WARN - tectAndAdjustIndentOptionsTask - Indent detection is too long for: strings.xml 
2018-04-18 04:38:30,746 [se-915-b01]   WARN - tectAndAdjustIndentOptionsTask - Indent detection is too long for: strings.xml 
2018-04-18 04:38:34,342 [J pool 1/2]   INFO - attrs.AttributeDefinitionsImpl - Found tag with unknown parent: AndroidManifest.AndroidManifestSupportsInput 
2018-04-18 04:38:34,342 [J pool 1/2]   INFO - attrs.AttributeDefinitionsImpl - Found tag with unknown parent: AndroidManifest.AndroidManifestCompatibleScreens 
2018-04-18 04:41:58,404 [ thread 33]   INFO -  #git4idea.commands.GitHandler - [.AndroidStudio3.0] git -c core.quotepath=false add --ignore-errors -- config/options/fileEditorProviderManager.xml 
2018-04-18 04:51:18,045 [se-915-b01]   WARN - tectAndAdjustIndentOptionsTask - Indent detection is too long for: dimensions.xml 
2018-04-18 04:51:18,045 [se-915-b01]   WARN - tectAndAdjustIndentOptionsTask - Indent detection is too long for: dimensions.xml 
2018-04-18 04:51:18,045 [se-915-b01]   WARN - tectAndAdjustIndentOptionsTask - Indent detection is too long for: dimensions.xml 
2018-04-18 04:51:18,045 [se-915-b01]   WARN - tectAndAdjustIndentOptionsTask - Indent detection is too long for: dimensions.xml 
2018-04-18 04:51:18,045 [se-915-b01]   WARN - tectAndAdjustIndentOptionsTask - Indent detection is too long for: dimensions.xml 
2018-04-18 04:51:18,045 [se-915-b01]   WARN - tectAndAdjustIndentOptionsTask - Indent detection is too long for: dimensions.xml 
2018-04-18 04:51:18,045 [se-915-b01]   WARN - tectAndAdjustIndentOptionsTask - Indent detection is too long for: dimensions.xml 
2018-04-18 04:51:18,045 [se-915-b01]   WARN - tectAndAdjustIndentOptionsTask - Indent detection is too long for: dimensions.xml 
2018-04-18 04:51:25,159 [ thread 46]   INFO - .script.IdeScriptEngineManager - javax.script.ScriptEngineManager initialized in 346 ms 
2018-04-18 04:53:33,981 [se-915-b01]   INFO - stubs.SerializationManagerImpl - START StubSerializationManager SHUTDOWN 
2018-04-18 04:53:34,017 [se-915-b01]   INFO - stubs.SerializationManagerImpl - END StubSerializationManager SHUTDOWN 
2018-04-18 04:53:34,193 [se-915-b01]   INFO - org.jetbrains.io.BuiltInServer - web server stopped 
2018-04-18 04:53:34,253 [se-915-b01]   INFO - Types.impl.FileTypeManagerImpl - FileTypeManager: 16 auto-detected files
Elapsed time on auto-detect: 94 ms 
2018-04-18 04:53:34,293 [fier64.exe]   INFO - pl.local.NativeFileWatcherImpl - Watcher terminated with exit code 0 
2018-04-18 04:53:34,293 [se-915-b01]   INFO - il.indexing.FileBasedIndexImpl - START INDEX SHUTDOWN 
2018-04-18 04:53:35,641 [se-915-b01]   INFO - il.indexing.FileBasedIndexImpl - END INDEX SHUTDOWN 
2018-04-18 04:53:35,657 [se-915-b01]   INFO - newvfs.persistent.PersistentFS - VFS dispose started 
2018-04-18 04:53:35,693 [se-915-b01]   INFO - newvfs.persistent.PersistentFS - VFS dispose completed 
2018-04-18 04:53:35,713 [ - logging]   INFO -        #com.intellij.idea.Main - ------------------------------------------------------ IDE SHUTDOWN ------------------------------------------------------ 
2018-04-18 04:53:35,765 [wn tracker]   INFO - org.jetbrains.io.BuiltInServer - web server stopped 
2018-04-18 09:50:02,260 [ain Thread]   INFO -        #com.intellij.idea.Main - ------------------------------------------------------ IDE STARTED ------------------------------------------------------ 
2018-04-18 09:50:02,300 [se-915-b01]   INFO -        #com.intellij.idea.Main - IDE: Android Studio (build #AI-171.4443003, 09 Nov 2017 19:02) 
2018-04-18 09:50:02,300 [se-915-b01]   INFO -        #com.intellij.idea.Main - OS: Windows 8.1 (6.3, amd64) 
2018-04-18 09:50:02,300 [se-915-b01]   INFO -        #com.intellij.idea.Main - JRE: 1.8.0_152-release-915-b01 (JetBrains s.r.o) 
2018-04-18 09:50:02,300 [se-915-b01]   INFO -        #com.intellij.idea.Main - JVM: 25.152-b01 (OpenJDK 64-Bit Server VM) 
2018-04-18 09:50:02,304 [se-915-b01]   INFO -        #com.intellij.idea.Main - JVM Args: -Xms256m -Xmx1280m -XX:ReservedCodeCacheSize=240m -XX:+UseConcMarkSweepGC -XX:SoftRefLRUPolicyMSPerMB=50 -Dsun.io.useCanonCaches=false -Djava.net.preferIPv4Stack=true -Djna.nosys=true -Djna.boot.library.path= -da -Djb.vmOptionsFile=C:\Program Files\Android\Android Studio\bin\studio64.exe.vmoptions -Xbootclasspath/a:C:\Program Files\Android\Android Studio\lib\boot.jar -Didea.platform.prefix=AndroidStudio -Didea.jre.check=true -Didea.paths.selector=AndroidStudio3.0 -XX:ErrorFile=C:\Users\PORTABLE\java_error_in_studio_%p.log -XX:HeapDumpPath=C:\Users\PORTABLE\java_error_in_studio.hprof 
2018-04-18 09:50:02,308 [se-915-b01]   INFO -        #com.intellij.idea.Main - ext: C:\Program Files\Android\Android Studio\jre\jre\lib\ext: [access-bridge-64.jar, cldrdata.jar, dnsns.jar, jaccess.jar, localedata.jar, meta-index, nashorn.jar, sunec.jar, sunjce_provider.jar, sunmscapi.jar, sunpkcs11.jar, zipfs.jar] 
2018-04-18 09:50:02,308 [se-915-b01]   INFO -        #com.intellij.idea.Main - JNU charset: Cp1252 
2018-04-18 09:50:02,792 [se-915-b01]   INFO -        #com.intellij.idea.Main - JNA library (64-bit) loaded in 484 ms 
2018-04-18 09:50:02,828 [se-915-b01]   INFO - penapi.util.io.win32.IdeaWin32 - Native filesystem for Windows is operational 
2018-04-18 09:50:02,836 [se-915-b01]   INFO -        #com.intellij.idea.Main - Using "FocusKiller" library to prevent focus stealing. 
2018-04-18 09:50:02,868 [se-915-b01]   INFO -     #com.intellij.util.ui.JBUI - UI scale factor: 1.0 
2018-04-18 09:50:11,718 [entQueue-0]   INFO - llij.ide.plugins.PluginManager - Cannot find optional descriptor duplicates-groovy.xml 
2018-04-18 09:50:15,187 [entQueue-0]   INFO - llij.ide.plugins.PluginManager - 37 plugins initialized in 7103 ms 
2018-04-18 09:50:15,243 [entQueue-0]   INFO - llij.ide.plugins.PluginManager - Loaded bundled plugins: Android APK Support (1.0), Android Games (1.0), Android NDK Support (1.0), Android Support (10.3.0.1), App Links Assistant (0.1), CVS Integration (11), Copyright (8.1), Coverage (171.4249.39), EditorConfig (171.4249.39), Firebase App Indexing (0.1), Firebase Services (0.1), Firebase Testing (1.0), Git Integration (8.1), GitHub (171.4249.39), Google Cloud Tools Core (0.2.8), Google Cloud Tools For Android Studio (0.2.8), Google Developers Samples (0.3.1), Google Login (1.0), Google Services (0.1), Gradle (171.4249.39), Groovy (9.0), I18n for Java (171.4249.39), IDEA CORE (171.4249.39), IntelliLang (8.0), JUnit (1.0), Java Bytecode Decompiler (171.4249.39), Kotlin (1.1.51-release-Studio3.0-1), Properties Support (171.4249.39), Settings Repository (171.4249.39), Smali Support (1.0), Subversion Integration (1.1), Task Management (1.0), Terminal (0.1), Test Recorder (1.0), TestNG-J (8.0), YAML (171.4249.39), hg4idea (10.0) 
2018-04-18 09:50:29,853 [entQueue-0]   INFO - ellij.util.io.PagedFileStorage - lower=100; upper=500; buffer=10; max=1243 
2018-04-18 09:50:30,061 [entQueue-0]   INFO - pl.local.NativeFileWatcherImpl - Starting file watcher: C:\Program Files\Android\Android Studio\bin\fsnotifier64.exe 
2018-04-18 09:50:30,149 [entQueue-0]   INFO - pl.local.NativeFileWatcherImpl - Native file watcher is operational. 
2018-04-18 09:50:40,248 [se-915-b01]   INFO - til.net.ssl.CertificateManager - Default SSL context initialized 
2018-04-18 09:50:42,258 [se-915-b01]   INFO - gs.impl.UpdateCheckerComponent - channel: release 
2018-04-18 09:50:42,346 [d thread 3]   INFO - rains.ide.BuiltInServerManager - built-in server started, port 63342 
2018-04-18 09:50:44,506 [se-915-b01]   INFO - il.indexing.FileBasedIndexImpl - Index exts enumerated:1729 
2018-04-18 09:50:44,514 [se-915-b01]   INFO - il.indexing.FileBasedIndexImpl - Index scheduled:8 
2018-04-18 09:50:44,957 [se-915-b01]   INFO - tellij.psi.stubs.StubIndexImpl - All stub exts enumerated:388 
2018-04-18 09:50:44,961 [se-915-b01]   INFO - tellij.psi.stubs.StubIndexImpl - stub exts update scheduled:2 
2018-04-18 09:50:45,996 [se-915-b01]   INFO - j.ide.script.IdeStartupScripts - 0 startup script(s) found 
2018-04-18 09:50:54,265 [se-915-b01]   INFO - ellij.project.impl.ProjectImpl - 19 project components initialized in 5802 ms 
2018-04-18 09:51:08,443 [d thread 3]   INFO - pl$FileIndexDataInitialization - Initialization done:23909 
2018-04-18 09:51:19,648 [d thread 3]   INFO - exImpl$StubIndexInitialization - Initialization done:11206 
2018-04-18 09:51:22,123 [se-915-b01]   INFO - plication.impl.ApplicationImpl - 87 application components initialized in 74051ms 
2018-04-18 09:51:22,228 [se-915-b01]   INFO - .intellij.idea.IdeaApplication - App initialization took 81631 ms 
2018-04-18 09:51:31,465 [d thread 4]   INFO - dea.updater.SdkComponentSource - Downloading https://dl.google.com/android/repository/repository2-1.xml 
2018-04-18 09:51:32,912 [d thread 4]   WARN - dea.updater.SdkComponentSource - File C:\Users\PORTABLE\.android\repositories.cfg could not be loaded. 
2018-04-18 09:51:32,915 [d thread 4]   INFO - dea.updater.SdkComponentSource - Downloading https://dl.google.com/android/repository/addons_list-3.xml 
2018-04-18 09:51:33,433 [d thread 4]   INFO - dea.updater.SdkComponentSource - Downloading https://dl.google.com/android/repository/sys-img/android/sys-img2-1.xml 
2018-04-18 09:51:34,437 [d thread 4]   INFO - dea.updater.SdkComponentSource - Downloading https://dl.google.com/android/repository/sys-img/android-wear/sys-img2-1.xml 
2018-04-18 09:51:34,839 [d thread 4]   INFO - dea.updater.SdkComponentSource - Downloading https://dl.google.com/android/repository/sys-img/android-wear-cn/sys-img2-1.xml 
2018-04-18 09:51:35,119 [d thread 4]   INFO - dea.updater.SdkComponentSource - Downloading https://dl.google.com/android/repository/sys-img/android-tv/sys-img2-1.xml 
2018-04-18 09:51:35,441 [d thread 4]   INFO - dea.updater.SdkComponentSource - Downloading https://dl.google.com/android/repository/sys-img/google_apis/sys-img2-1.xml 
2018-04-18 09:51:35,759 [d thread 4]   INFO - dea.updater.SdkComponentSource - Downloading https://dl.google.com/android/repository/sys-img/google_apis_playstore/sys-img2-1.xml 
2018-04-18 09:51:36,123 [d thread 4]   INFO - dea.updater.SdkComponentSource - Downloading https://dl.google.com/android/repository/addon2-1.xml 
2018-04-18 09:51:36,869 [d thread 4]   INFO - dea.updater.SdkComponentSource - Downloading https://dl.google.com/android/repository/glass/addon2-1.xml 
2018-04-18 09:51:37,159 [d thread 4]   INFO - dea.updater.SdkComponentSource - Downloading https://dl.google.com/android/repository/extras/intel/addon2-1.xml 
2018-04-18 09:51:37,459 [d thread 4]   INFO - dea.updater.SdkComponentSource - Downloading file:/C:/Program%20Files/Android/Android%20Studio/plugins/sdk-updates/offline-repo/offline-repo.xml 
2018-04-18 09:51:38,254 [d thread 2]   INFO - .openapi.application.Preloader - Finished preloading com.intellij.openapi.actionSystem.impl.ActionPreloader@214677b4 
2018-04-18 09:51:43,235 [d thread 2]   INFO - .openapi.application.Preloader - Finished preloading com.intellij.ide.ui.search.SearchableOptionPreloader@71f400a6 
2018-04-18 09:51:43,895 [d thread 6]   INFO - ellij.project.impl.ProjectImpl - 151 project components initialized in 16534 ms 
2018-04-18 09:51:46,401 [d thread 6]   INFO - le.impl.ModuleManagerComponent - 2 module(s) loaded in 2502 ms 
2018-04-18 09:51:49,048 [d thread 2]   INFO - .openapi.application.Preloader - Finished preloading com.intellij.codeInsight.completion.CompletionPreloader@737ba0a6 
2018-04-18 09:51:57,425 [d thread 6]   INFO - tartup.impl.StartupManagerImpl - WhatsNew run in 232 
2018-04-18 09:51:57,633 [d thread 6]   INFO - tartup.impl.StartupManagerImpl - ModuleMapInitialBuildingActivity run in 204 
2018-04-18 09:51:58,828 [d thread 3]   INFO - .diagnostic.PerformanceWatcher - Pushing properties took 1643ms; general responsiveness: ok; EDT responsiveness: ok 
2018-04-18 09:52:02,746 [d thread 3]   INFO -       ScriptTemplatesProviders - [kts] loading script definitions [] using cp:  
2018-04-18 09:52:02,922 [d thread 3]   INFO -       ScriptTemplatesProviders - Templates provider KotlinCompilerScriptTemplatesSettings is invalid:  
2018-04-18 09:52:04,777 [d thread 3]   INFO - s.plugins.gradle.GradleManager - Instructing gradle to use java from C:/Program Files/Android/Android Studio/jre 
2018-04-18 09:52:04,781 [d thread 3]   INFO -       ScriptTemplatesProviders - [kts] loading script definitions [org.gradle.kotlin.dsl.KotlinBuildScript] using cp: C:\Users\PORTABLE\.gradle\wrapper\dists\gradle-4.1-all\bzyivzo6n839fup2jbap0tjew\gradle-4.1\lib\gradle-core-4.1.jar;C:\Users\PORTABLE\.gradle\wrapper\dists\gradle-4.1-all\bzyivzo6n839fup2jbap0tjew\gradle-4.1\lib\gradle-kotlin-dsl-0.10.3.jar;C:\Users\PORTABLE\.gradle\wrapper\dists\gradle-4.1-all\bzyivzo6n839fup2jbap0tjew\gradle-4.1\lib\gradle-kotlin-dsl-compiler-plugin-0.10.3.jar;C:\Users\PORTABLE\.gradle\wrapper\dists\gradle-4.1-all\bzyivzo6n839fup2jbap0tjew\gradle-4.1\lib\gradle-kotlin-dsl-tooling-builders-0.10.3.jar;C:\Users\PORTABLE\.gradle\wrapper\dists\gradle-4.1-all\bzyivzo6n839fup2jbap0tjew\gradle-4.1\lib\gradle-kotlin-dsl-tooling-models-0.10.3.jar;C:\Users\PORTABLE\.gradle\wrapper\dists\gradle-4.1-all\bzyivzo6n839fup2jbap0tjew\gradle-4.1\lib\kotlin-compiler-embeddable-1.1.3-2.jar 
2018-04-18 09:52:05,243 [d thread 3]   INFO - s.plugins.gradle.GradleManager - Instructing gradle to use java from C:/Program Files/Android/Android Studio/jre 
2018-04-18 09:52:05,245 [d thread 3]   INFO -       ScriptTemplatesProviders - [kts] loading script definitions [org.gradle.script.lang.kotlin.KotlinBuildScript] using cp: C:\Users\PORTABLE\.gradle\wrapper\dists\gradle-4.1-all\bzyivzo6n839fup2jbap0tjew\gradle-4.1\lib\gradle-core-4.1.jar 
2018-04-18 09:52:05,247 [d thread 3]   INFO -       ScriptTemplatesProviders - Templates provider Gradle Script Kotlin is invalid: org.gradle.script.lang.kotlin.KotlinBuildScript 
2018-04-18 09:52:05,247 [d thread 3]   INFO -       ScriptTemplatesProviders - [kts] loading script definitions [kotlin.script.templates.standard.ScriptTemplateWithArgs] using cp:  
2018-04-18 09:52:05,554 [d thread 6]   INFO - tartup.impl.StartupManagerImpl - OpenFilesActivity run in 7918 
2018-04-18 09:52:07,206 [d thread 6]   INFO - tartup.impl.StartupManagerImpl - InitToolWindowsActivity run in 1649 
2018-04-18 09:52:10,556 [se-915-b01]   INFO - tartup.impl.StartupManagerImpl - C:/Users/PORTABLE/.AndroidStudio3.0/.idea case-sensitivity: expected=false actual=false 
2018-04-18 09:52:12,723 [se-915-b01]   INFO - tor.impl.FileEditorManagerImpl - Project opening took 46242 ms 
2018-04-18 09:52:24,291 [d thread 3]   INFO - .diagnostic.PerformanceWatcher - Indexable file iteration took 25367ms; general responsiveness: 5/23 sluggish, 1/23 very slow; EDT responsiveness: 2/23 sluggish, 7/23 very slow 
2018-04-18 09:52:24,301 [d thread 3]   INFO - indexing.UnindexedFilesUpdater - Unindexed files update started: 3 files to update 
2018-04-18 09:52:25,094 [d thread 3]   INFO - .diagnostic.PerformanceWatcher - Unindexed files update took 793ms; general responsiveness: ok; EDT responsiveness: ok 
2018-04-18 09:52:25,350 [d thread 3]   INFO -       #com.jetbrains.cidr.lang - Clearing symbols finished in 0 s. 
2018-04-18 09:52:25,430 [d thread 3]   INFO -       #com.jetbrains.cidr.lang - Loading symbols finished in 0 s. 
2018-04-18 09:52:25,438 [d thread 3]   INFO -       #com.jetbrains.cidr.lang - Building symbols finished in 0 s. 
2018-04-18 09:52:25,446 [d thread 3]   INFO -       #com.jetbrains.cidr.lang - Saving symbols finished in 0 s. 
2018-04-18 09:52:25,694 [se-915-b01]   INFO - tartup.impl.StartupManagerImpl - ProjectInspectionProfileStartUpActivity run in 220 
2018-04-18 09:52:25,750 [ thread 10]   INFO -         #git4idea.commands.Git - VirtualFile for path [system/log/threadDumps-freeze-20180418-095044-AI-171.4443003-44sec/threadDump-20180418-095044.txt] is null 
2018-04-18 09:52:25,750 [ thread 10]   INFO -         #git4idea.commands.Git - VirtualFile for path [system/log/threadDumps-freeze-20180418-095044-AI-171.4443003-44sec/threadDump-20180418-095049.txt] is null 
2018-04-18 09:52:25,750 [ thread 10]   INFO -         #git4idea.commands.Git - VirtualFile for path [system/log/threadDumps-freeze-20180418-095044-AI-171.4443003-44sec/threadDump-20180418-095055.txt] is null 
2018-04-18 09:52:25,750 [ thread 10]   INFO -         #git4idea.commands.Git - VirtualFile for path [system/log/threadDumps-freeze-20180418-095044-AI-171.4443003-44sec/threadDump-20180418-095100.txt] is null 
2018-04-18 09:52:25,750 [ thread 10]   INFO -         #git4idea.commands.Git - VirtualFile for path [system/log/threadDumps-freeze-20180418-095044-AI-171.4443003-44sec/threadDump-20180418-095105.txt] is null 
2018-04-18 09:52:25,750 [ thread 10]   INFO -         #git4idea.commands.Git - VirtualFile for path [system/log/threadDumps-freeze-20180418-095044-AI-171.4443003-44sec/threadDump-20180418-095111.txt] is null 
2018-04-18 09:52:25,750 [ thread 10]   INFO -         #git4idea.commands.Git - VirtualFile for path [system/log/threadDumps-freeze-20180418-095044-AI-171.4443003-44sec/threadDump-20180418-095116.txt] is null 
2018-04-18 09:52:25,750 [ thread 10]   INFO -         #git4idea.commands.Git - VirtualFile for path [system/log/threadDumps-freeze-20180418-095044-AI-171.4443003-44sec/threadDump-20180418-095121.txt] is null 
2018-04-18 09:52:25,750 [ thread 10]   INFO -         #git4idea.commands.Git - VirtualFile for path [system/log/threadDumps-freeze-20180418-095151-AI-171.4443003-4sec/threadDump-20180418-095151.txt] is null 
2018-04-18 09:52:25,750 [ thread 10]   INFO -         #git4idea.commands.Git - VirtualFile for path [system/tmp/AndroidStudio.029b1255-1820-4256-960d-067d7382b1f1] is null 
2018-04-18 09:52:25,750 [ thread 10]   INFO -         #git4idea.commands.Git - VirtualFile for path [system/tmp/jna2279111934235931827.dll] is null 
2018-04-18 09:52:25,750 [ thread 10]   INFO -         #git4idea.commands.Git - VirtualFile for path [system/tmp/jna2279111934235931827.dll.x] is null 
2018-04-18 09:52:26,314 [se-915-b01]   INFO - tartup.impl.StartupManagerImpl - ExternalSystemStartupActivity run in 620 
2018-04-18 09:52:26,638 [se-915-b01]   INFO - tartup.impl.StartupManagerImpl - InitLogStartupActivity run in 324 
2018-04-18 09:52:28,036 [se-915-b01]   INFO - e.project.sync.GradleSyncState - Started sync with Gradle for project '.AndroidStudio3.0'. 
2018-04-18 09:52:30,554 [d thread 3]   INFO - s.plugins.gradle.GradleManager - Instructing gradle to use java from C:/Program Files/Android/Android Studio/jre 
2018-04-18 09:52:30,682 [d thread 3]   INFO - s.plugins.gradle.GradleManager - Instructing gradle to use java from C:/Program Files/Android/Android Studio/jre 
2018-04-18 09:52:55,067 [d thread 3]   INFO - oject.common.GradleInitScripts - init script file sync.local.repo contents "allprojects {\n  buildscript {\n    repositories {\n      maven { url 'C:\\\\Program Files\\\\Android\\\\Android Studio\\\\gradle\\\\m2repository'}\n    }\n  }\n  repositories {\n      maven { url 'C:\\\\Program Files\\\\Android\\\\Android Studio\\\\gradle\\\\m2repository'}\n  }\n}\n" 
2018-04-18 09:52:55,209 [d thread 3]   INFO - xecution.GradleExecutionHelper - Passing command-line args to Gradle Tooling API: -Didea.version=3.0 -Djava.awt.headless=true -Pandroid.injected.build.model.only=true -Pandroid.injected.build.model.only.advanced=true -Pandroid.injected.invoked.from.ide=true -Pandroid.injected.build.model.only.versioned=3 -Pandroid.injected.studio.version=3.0.1.0 --init-script C:\Users\PORTABLE\AppData\Local\Temp\sync.local.repo2.gradle --init-script C:\Users\PORTABLE\AppData\Local\Temp\ijinit1.gradle 
2018-04-18 09:54:39,514 [d thread 3]   INFO - e.project.sync.GradleSyncState - Started setup of project '.AndroidStudio3.0'. 
2018-04-18 09:54:45,831 [se-915-b01]   INFO - pl.ProjectRootManagerComponent - project roots have changed 
2018-04-18 09:54:46,266 [ thread 10]   INFO - etup.post.PluginVersionUpgrade - Gradle model version: 3.0.1, recommended version for IDE: 3.0.1 
2018-04-18 09:54:46,726 [d thread 4]   INFO - .diagnostic.PerformanceWatcher - Pushing properties took 358ms; general responsiveness: ok; EDT responsiveness: ok 
2018-04-18 09:54:46,950 [ thread 10]   INFO - ild.invoker.GradleBuildInvoker - About to execute Gradle tasks: [:app:generateDebugSources, :app:generateDebugAndroidTestSources, :app:mockableAndroidJar] 
2018-04-18 09:54:47,531 [d thread 4]   INFO - .diagnostic.PerformanceWatcher - Indexable file iteration took 788ms; general responsiveness: 1/1 sluggish; EDT responsiveness: ok 
2018-04-18 09:54:47,623 [ thread 10]   INFO - e.project.sync.GradleSyncState - Gradle sync finished in 2m 19s 586ms 
2018-04-18 09:54:47,641 [ thread 19]   INFO - s.plugins.gradle.GradleManager - Instructing gradle to use java from C:/Program Files/Android/Android Studio/jre 
2018-04-18 09:54:48,741 [ thread 19]   INFO - CompilerWorkspaceConfiguration - Available processors: 2 
2018-04-18 09:54:48,751 [ thread 19]   INFO - oject.common.GradleInitScripts - init script file sync.local.repo contents "allprojects {\n  buildscript {\n    repositories {\n      maven { url 'C:\\\\Program Files\\\\Android\\\\Android Studio\\\\gradle\\\\m2repository'}\n    }\n  }\n  repositories {\n      maven { url 'C:\\\\Program Files\\\\Android\\\\Android Studio\\\\gradle\\\\m2repository'}\n  }\n}\n" 
2018-04-18 09:54:48,754 [d thread 4]   INFO -       #com.jetbrains.cidr.lang - Clearing symbols finished in 0 s. 
2018-04-18 09:54:48,782 [ thread 19]   INFO - ild.invoker.GradleBuildInvoker - Build command line options: [--configure-on-demand, -Pandroid.injected.invoked.from.ide=true, -Pandroid.injected.generateSourcesOnly=true, --init-script, C:\Users\PORTABLE\AppData\Local\Temp\sync.local.repo1241.gradle] 
2018-04-18 09:54:48,784 [ thread 19]   INFO - xecution.GradleExecutionHelper - Passing command-line args to Gradle Tooling API: --configure-on-demand -Pandroid.injected.invoked.from.ide=true -Pandroid.injected.generateSourcesOnly=true --init-script C:\Users\PORTABLE\AppData\Local\Temp\sync.local.repo1241.gradle 
2018-04-18 09:54:48,817 [d thread 4]   INFO -       #com.jetbrains.cidr.lang - Loading symbols finished in 0 s. 
2018-04-18 09:54:48,881 [d thread 4]   INFO -       #com.jetbrains.cidr.lang - Building symbols finished in 0 s. 
2018-04-18 09:54:48,955 [d thread 4]   INFO -       #com.jetbrains.cidr.lang - Saving symbols finished in 0 s. 
2018-04-18 09:54:55,494 [ thread 11]   INFO -         #git4idea.commands.Git - VirtualFile for path [config/plugins/extensions.xml] is null 
2018-04-18 09:55:26,470 [J pool 0/2]   INFO - attrs.AttributeDefinitionsImpl - Found tag with unknown parent: AndroidManifest.AndroidManifestCompatibleScreens 
2018-04-18 09:55:26,470 [J pool 0/2]   INFO - attrs.AttributeDefinitionsImpl - Found tag with unknown parent: AndroidManifest.AndroidManifestSupportsInput 
2018-04-18 09:56:20,701 [ thread 17]   WARN - dea.sdk.SystemInfoStatsMonitor - CpuInfoFlags.fromExitCode(): unknown flag values '0x80' 
2018-04-18 09:56:41,582 [se-915-b01]   INFO - ild.invoker.GradleBuildInvoker - Gradle build finished in 1m 46s 646ms 
2018-04-18 09:56:41,853 [se-915-b01]   INFO - pl.ProjectRootManagerComponent - project roots have changed 
2018-04-18 09:56:44,251 [ thread 39]   INFO - .diagnostic.PerformanceWatcher - Pushing properties took 481ms; general responsiveness: ok; EDT responsiveness: ok 
2018-04-18 09:56:44,513 [ thread 39]   INFO - .diagnostic.PerformanceWatcher - Indexable file iteration took 262ms; general responsiveness: ok; EDT responsiveness: ok 
2018-04-18 09:56:44,514 [ thread 39]   INFO - indexing.UnindexedFilesUpdater - Unindexed files update started: 28 files to update 
2018-04-18 09:56:46,437 [ thread 39]   INFO - .diagnostic.PerformanceWatcher - Unindexed files update took 1923ms; general responsiveness: ok; EDT responsiveness: ok 
2018-04-18 10:09:48,277 [se-915-b01]   INFO - ild.invoker.GradleBuildInvoker - About to execute Gradle tasks: [:app:assembleDebug] 
2018-04-18 10:09:48,322 [ thread 51]   INFO - s.plugins.gradle.GradleManager - Instructing gradle to use java from C:/Program Files/Android/Android Studio/jre 
2018-04-18 10:09:48,578 [ thread 51]   INFO - oject.common.GradleInitScripts - init script file sync.local.repo contents "allprojects {\n  buildscript {\n    repositories {\n      maven { url 'C:\\\\Program Files\\\\Android\\\\Android Studio\\\\gradle\\\\m2repository'}\n    }\n  }\n  repositories {\n      maven { url 'C:\\\\Program Files\\\\Android\\\\Android Studio\\\\gradle\\\\m2repository'}\n  }\n}\n" 
2018-04-18 10:09:48,580 [ thread 51]   INFO - ild.invoker.GradleBuildInvoker - Build command line options: [--configure-on-demand, -Pandroid.injected.invoked.from.ide=true, --init-script, C:\Users\PORTABLE\AppData\Local\Temp\sync.local.repo159.gradle] 
2018-04-18 10:09:48,580 [ thread 51]   INFO - xecution.GradleExecutionHelper - Passing command-line args to Gradle Tooling API: --configure-on-demand -Pandroid.injected.invoked.from.ide=true --init-script C:\Users\PORTABLE\AppData\Local\Temp\sync.local.repo159.gradle 
2018-04-18 10:10:17,854 [se-915-b01]   INFO - ild.invoker.GradleBuildInvoker - Gradle build finished in 29s 528ms 
2018-04-18 10:10:17,958 [se-915-b01]   INFO - pl.ProjectRootManagerComponent - project roots have changed 
2018-04-18 10:10:18,141 [ thread 54]   INFO - .diagnostic.PerformanceWatcher - Pushing properties took 68ms; general responsiveness: ok; EDT responsiveness: ok 
2018-04-18 10:10:18,235 [ thread 54]   INFO - .diagnostic.PerformanceWatcher - Indexable file iteration took 92ms; general responsiveness: ok; EDT responsiveness: ok 
2018-04-18 10:10:18,236 [ thread 54]   INFO - indexing.UnindexedFilesUpdater - Unindexed files update started: 1 files to update 
2018-04-18 10:10:18,318 [ thread 54]   INFO - .diagnostic.PerformanceWatcher - Unindexed files update took 82ms; general responsiveness: ok; EDT responsiveness: ok 
2018-04-18 10:15:56,797 [ thread 60]   INFO - s.RepoProgressIndicatorAdapter - Parsing C:\Users\PORTABLE\AppData\Local\Android\Sdk\build-tools\26.0.2\package.xml 
2018-04-18 10:15:56,854 [ thread 60]   INFO - s.RepoProgressIndicatorAdapter - Parsing C:\Users\PORTABLE\AppData\Local\Android\Sdk\build-tools\27.0.3\package.xml 
2018-04-18 10:15:56,929 [ thread 60]   INFO - s.RepoProgressIndicatorAdapter - Parsing C:\Users\PORTABLE\AppData\Local\Android\Sdk\emulator\package.xml 
2018-04-18 10:15:56,955 [ thread 60]   INFO - s.RepoProgressIndicatorAdapter - Parsing C:\Users\PORTABLE\AppData\Local\Android\Sdk\extras\android\m2repository\package.xml 
2018-04-18 10:15:57,009 [ thread 60]   INFO - s.RepoProgressIndicatorAdapter - Parsing C:\Users\PORTABLE\AppData\Local\Android\Sdk\extras\google\google_play_services\package.xml 
2018-04-18 10:15:57,061 [ thread 60]   INFO - s.RepoProgressIndicatorAdapter - Parsing C:\Users\PORTABLE\AppData\Local\Android\Sdk\extras\google\m2repository\package.xml 
2018-04-18 10:15:57,113 [ thread 60]   INFO - s.RepoProgressIndicatorAdapter - Parsing C:\Users\PORTABLE\AppData\Local\Android\Sdk\extras\intel\Hardware_Accelerated_Execution_Manager\package.xml 
2018-04-18 10:15:57,135 [ thread 60]   INFO - s.RepoProgressIndicatorAdapter - Parsing C:\Users\PORTABLE\AppData\Local\Android\Sdk\extras\m2repository\com\android\support\constraint\constraint-layout-solver\1.0.2\package.xml 
2018-04-18 10:15:57,185 [ thread 60]   INFO - s.RepoProgressIndicatorAdapter - Parsing C:\Users\PORTABLE\AppData\Local\Android\Sdk\extras\m2repository\com\android\support\constraint\constraint-layout\1.0.2\package.xml 
2018-04-18 10:15:57,212 [ thread 60]   INFO - s.RepoProgressIndicatorAdapter - Parsing C:\Users\PORTABLE\AppData\Local\Android\Sdk\patcher\v4\package.xml 
2018-04-18 10:15:57,253 [ thread 60]   INFO - s.RepoProgressIndicatorAdapter - Parsing C:\Users\PORTABLE\AppData\Local\Android\Sdk\platform-tools\package.xml 
2018-04-18 10:15:57,305 [ thread 60]   INFO - s.RepoProgressIndicatorAdapter - Parsing C:\Users\PORTABLE\AppData\Local\Android\Sdk\platforms\android-14\package.xml 
2018-04-18 10:15:57,380 [ thread 60]   INFO - s.RepoProgressIndicatorAdapter - Parsing C:\Users\PORTABLE\AppData\Local\Android\Sdk\platforms\android-15\package.xml 
2018-04-18 10:15:57,435 [ thread 60]   INFO - s.RepoProgressIndicatorAdapter - Parsing C:\Users\PORTABLE\AppData\Local\Android\Sdk\platforms\android-16\package.xml 
2018-04-18 10:15:57,493 [ thread 60]   INFO - s.RepoProgressIndicatorAdapter - Parsing C:\Users\PORTABLE\AppData\Local\Android\Sdk\platforms\android-17\package.xml 
2018-04-18 10:15:57,529 [ thread 60]   INFO - s.RepoProgressIndicatorAdapter - Parsing C:\Users\PORTABLE\AppData\Local\Android\Sdk\platforms\android-18\package.xml 
2018-04-18 10:15:57,573 [ thread 60]   INFO - s.RepoProgressIndicatorAdapter - Parsing C:\Users\PORTABLE\AppData\Local\Android\Sdk\platforms\android-19\package.xml 
2018-04-18 10:15:57,639 [ thread 60]   INFO - s.RepoProgressIndicatorAdapter - Parsing C:\Users\PORTABLE\AppData\Local\Android\Sdk\platforms\android-21\package.xml 
2018-04-18 10:15:57,667 [ thread 60]   INFO - s.RepoProgressIndicatorAdapter - Parsing C:\Users\PORTABLE\AppData\Local\Android\Sdk\platforms\android-22\package.xml 
2018-04-18 10:15:57,739 [ thread 60]   INFO - s.RepoProgressIndicatorAdapter - Parsing C:\Users\PORTABLE\AppData\Local\Android\Sdk\platforms\android-23\package.xml 
2018-04-18 10:15:57,806 [ thread 60]   INFO - s.RepoProgressIndicatorAdapter - Parsing C:\Users\PORTABLE\AppData\Local\Android\Sdk\platforms\android-24\package.xml 
2018-04-18 10:15:57,891 [ thread 60]   INFO - s.RepoProgressIndicatorAdapter - Parsing C:\Users\PORTABLE\AppData\Local\Android\Sdk\platforms\android-25\package.xml 
2018-04-18 10:15:57,914 [ thread 60]   INFO - s.RepoProgressIndicatorAdapter - Parsing C:\Users\PORTABLE\AppData\Local\Android\Sdk\platforms\android-26\package.xml 
2018-04-18 10:15:57,954 [ thread 60]   INFO - s.RepoProgressIndicatorAdapter - Parsing C:\Users\PORTABLE\AppData\Local\Android\Sdk\platforms\android-27\package.xml 
2018-04-18 10:15:57,987 [ thread 60]   INFO - s.RepoProgressIndicatorAdapter - Parsing C:\Users\PORTABLE\AppData\Local\Android\Sdk\sources\android-14\package.xml 
2018-04-18 10:15:58,013 [ thread 60]   INFO - s.RepoProgressIndicatorAdapter - Parsing C:\Users\PORTABLE\AppData\Local\Android\Sdk\sources\android-15\package.xml 
2018-04-18 10:15:58,044 [ thread 60]   INFO - s.RepoProgressIndicatorAdapter - Parsing C:\Users\PORTABLE\AppData\Local\Android\Sdk\sources\android-16\package.xml 
2018-04-18 10:15:58,067 [ thread 60]   INFO - s.RepoProgressIndicatorAdapter - Parsing C:\Users\PORTABLE\AppData\Local\Android\Sdk\sources\android-17\package.xml 
2018-04-18 10:15:58,149 [ thread 60]   INFO - s.RepoProgressIndicatorAdapter - Parsing C:\Users\PORTABLE\AppData\Local\Android\Sdk\sources\android-18\package.xml 
2018-04-18 10:15:58,239 [ thread 60]   INFO - s.RepoProgressIndicatorAdapter - Parsing C:\Users\PORTABLE\AppData\Local\Android\Sdk\sources\android-19\package.xml 
2018-04-18 10:15:58,266 [ thread 60]   INFO - s.RepoProgressIndicatorAdapter - Parsing C:\Users\PORTABLE\AppData\Local\Android\Sdk\sources\android-21\package.xml 
2018-04-18 10:15:58,288 [ thread 60]   INFO - s.RepoProgressIndicatorAdapter - Parsing C:\Users\PORTABLE\AppData\Local\Android\Sdk\sources\android-22\package.xml 
2018-04-18 10:15:58,312 [ thread 60]   INFO - s.RepoProgressIndicatorAdapter - Parsing C:\Users\PORTABLE\AppData\Local\Android\Sdk\sources\android-23\package.xml 
2018-04-18 10:15:58,332 [ thread 60]   INFO - s.RepoProgressIndicatorAdapter - Parsing C:\Users\PORTABLE\AppData\Local\Android\Sdk\sources\android-24\package.xml 
2018-04-18 10:15:58,376 [ thread 60]   INFO - s.RepoProgressIndicatorAdapter - Parsing C:\Users\PORTABLE\AppData\Local\Android\Sdk\sources\android-25\package.xml 
2018-04-18 10:15:58,403 [ thread 60]   INFO - s.RepoProgressIndicatorAdapter - Parsing C:\Users\PORTABLE\AppData\Local\Android\Sdk\sources\android-26\package.xml 
2018-04-18 10:15:58,442 [ thread 60]   INFO - s.RepoProgressIndicatorAdapter - Parsing C:\Users\PORTABLE\AppData\Local\Android\Sdk\sources\android-27\package.xml 
2018-04-18 10:15:58,497 [ thread 60]   INFO - s.RepoProgressIndicatorAdapter - Parsing C:\Users\PORTABLE\AppData\Local\Android\Sdk\system-images\android-26\google_apis_playstore\x86\package.xml 
2018-04-18 10:15:58,551 [ thread 60]   INFO - s.RepoProgressIndicatorAdapter - Parsing C:\Users\PORTABLE\AppData\Local\Android\Sdk\tools\package.xml 
2018-04-18 10:16:27,355 [ thread 64]   INFO - .script.IdeScriptEngineManager - javax.script.ScriptEngineManager initialized in 493 ms 
2018-04-18 10:16:45,959 [ thread 60]   INFO - s.RepoProgressIndicatorAdapter - Parsing C:\Users\PORTABLE\AppData\Local\Android\Sdk\build-tools\26.0.2\package.xml 
2018-04-18 10:16:46,064 [ thread 60]   INFO - s.RepoProgressIndicatorAdapter - Parsing C:\Users\PORTABLE\AppData\Local\Android\Sdk\build-tools\27.0.3\package.xml 
2018-04-18 10:16:46,078 [ thread 60]   INFO - s.RepoProgressIndicatorAdapter - Parsing C:\Users\PORTABLE\AppData\Local\Android\Sdk\emulator\package.xml 
2018-04-18 10:16:46,097 [ thread 60]   INFO - s.RepoProgressIndicatorAdapter - Parsing C:\Users\PORTABLE\AppData\Local\Android\Sdk\extras\android\m2repository\package.xml 
2018-04-18 10:16:46,112 [ thread 60]   INFO - s.RepoProgressIndicatorAdapter - Parsing C:\Users\PORTABLE\AppData\Local\Android\Sdk\extras\google\google_play_services\package.xml 
2018-04-18 10:16:46,125 [ thread 60]   INFO - s.RepoProgressIndicatorAdapter - Parsing C:\Users\PORTABLE\AppData\Local\Android\Sdk\extras\google\m2repository\package.xml 
2018-04-18 10:16:46,138 [ thread 60]   INFO - s.RepoProgressIndicatorAdapter - Parsing C:\Users\PORTABLE\AppData\Local\Android\Sdk\extras\intel\Hardware_Accelerated_Execution_Manager\package.xml 
2018-04-18 10:16:46,146 [ thread 60]   INFO - s.RepoProgressIndicatorAdapter - Parsing C:\Users\PORTABLE\AppData\Local\Android\Sdk\extras\m2repository\com\android\support\constraint\constraint-layout-solver\1.0.2\package.xml 
2018-04-18 10:16:46,238 [ thread 60]   INFO - s.RepoProgressIndicatorAdapter - Parsing C:\Users\PORTABLE\AppData\Local\Android\Sdk\extras\m2repository\com\android\support\constraint\constraint-layout\1.0.2\package.xml 
2018-04-18 10:16:46,332 [ thread 60]   INFO - s.RepoProgressIndicatorAdapter - Parsing C:\Users\PORTABLE\AppData\Local\Android\Sdk\patcher\v4\package.xml 
2018-04-18 10:16:46,347 [ thread 60]   INFO - s.RepoProgressIndicatorAdapter - Parsing C:\Users\PORTABLE\AppData\Local\Android\Sdk\platform-tools\package.xml 
2018-04-18 10:16:46,387 [ thread 60]   INFO - s.RepoProgressIndicatorAdapter - Parsing C:\Users\PORTABLE\AppData\Local\Android\Sdk\platforms\android-14\package.xml 
2018-04-18 10:16:46,467 [ thread 60]   INFO - s.RepoProgressIndicatorAdapter - Parsing C:\Users\PORTABLE\AppData\Local\Android\Sdk\platforms\android-15\package.xml 
2018-04-18 10:16:46,492 [ thread 60]   INFO - s.RepoProgressIndicatorAdapter - Parsing C:\Users\PORTABLE\AppData\Local\Android\Sdk\platforms\android-16\package.xml 
2018-04-18 10:16:46,511 [ thread 60]   INFO - s.RepoProgressIndicatorAdapter - Parsing C:\Users\PORTABLE\AppData\Local\Android\Sdk\platforms\android-17\package.xml 
2018-04-18 10:16:46,532 [ thread 60]   INFO - s.RepoProgressIndicatorAdapter - Parsing C:\Users\PORTABLE\AppData\Local\Android\Sdk\platforms\android-18\package.xml 
2018-04-18 10:16:46,581 [ thread 60]   INFO - s.RepoProgressIndicatorAdapter - Parsing C:\Users\PORTABLE\AppData\Local\Android\Sdk\platforms\android-19\package.xml 
2018-04-18 10:16:46,601 [ thread 60]   INFO - s.RepoProgressIndicatorAdapter - Parsing C:\Users\PORTABLE\AppData\Local\Android\Sdk\platforms\android-21\package.xml 
2018-04-18 10:16:46,620 [ thread 60]   INFO - s.RepoProgressIndicatorAdapter - Parsing C:\Users\PORTABLE\AppData\Local\Android\Sdk\platforms\android-22\package.xml 
2018-04-18 10:16:46,635 [ thread 60]   INFO - s.RepoProgressIndicatorAdapter - Parsing C:\Users\PORTABLE\AppData\Local\Android\Sdk\platforms\android-23\package.xml 
2018-04-18 10:16:46,663 [ thread 60]   INFO - s.RepoProgressIndicatorAdapter - Parsing C:\Users\PORTABLE\AppData\Local\Android\Sdk\platforms\android-24\package.xml 
2018-04-18 10:16:46,685 [ thread 60]   INFO - s.RepoProgressIndicatorAdapter - Parsing C:\Users\PORTABLE\AppData\Local\Android\Sdk\platforms\android-25\package.xml 
2018-04-18 10:16:46,720 [ thread 60]   INFO - s.RepoProgressIndicatorAdapter - Parsing C:\Users\PORTABLE\AppData\Local\Android\Sdk\platforms\android-26\package.xml 
2018-04-18 10:16:46,736 [ thread 60]   INFO - s.RepoProgressIndicatorAdapter - Parsing C:\Users\PORTABLE\AppData\Local\Android\Sdk\platforms\android-27\package.xml 
2018-04-18 10:16:46,756 [ thread 60]   INFO - s.RepoProgressIndicatorAdapter - Parsing C:\Users\PORTABLE\AppData\Local\Android\Sdk\sources\android-14\package.xml 
2018-04-18 10:16:46,784 [ thread 60]   INFO - s.RepoProgressIndicatorAdapter - Parsing C:\Users\PORTABLE\AppData\Local\Android\Sdk\sources\android-15\package.xml 
2018-04-18 10:16:46,798 [ thread 60]   INFO - s.RepoProgressIndicatorAdapter - Parsing C:\Users\PORTABLE\AppData\Local\Android\Sdk\sources\android-16\package.xml 
2018-04-18 10:16:46,814 [ thread 60]   INFO - s.RepoProgressIndicatorAdapter - Parsing C:\Users\PORTABLE\AppData\Local\Android\Sdk\sources\android-17\package.xml 
2018-04-18 10:16:46,835 [ thread 60]   INFO - s.RepoProgressIndicatorAdapter - Parsing C:\Users\PORTABLE\AppData\Local\Android\Sdk\sources\android-18\package.xml 
2018-04-18 10:16:46,848 [ thread 60]   INFO - s.RepoProgressIndicatorAdapter - Parsing C:\Users\PORTABLE\AppData\Local\Android\Sdk\sources\android-19\package.xml 
2018-04-18 10:16:46,866 [ thread 60]   INFO - s.RepoProgressIndicatorAdapter - Parsing C:\Users\PORTABLE\AppData\Local\Android\Sdk\sources\android-21\package.xml 
2018-04-18 10:16:47,040 [ thread 60]   INFO - s.RepoProgressIndicatorAdapter - Parsing C:\Users\PORTABLE\AppData\Local\Android\Sdk\sources\android-22\package.xml 
2018-04-18 10:16:47,073 [ thread 60]   INFO - s.RepoProgressIndicatorAdapter - Parsing C:\Users\PORTABLE\AppData\Local\Android\Sdk\sources\android-23\package.xml 
2018-04-18 10:16:47,089 [ thread 60]   INFO - s.RepoProgressIndicatorAdapter - Parsing C:\Users\PORTABLE\AppData\Local\Android\Sdk\sources\android-24\package.xml 
2018-04-18 10:16:47,104 [ thread 60]   INFO - s.RepoProgressIndicatorAdapter - Parsing C:\Users\PORTABLE\AppData\Local\Android\Sdk\sources\android-25\package.xml 
2018-04-18 10:16:47,124 [ thread 60]   INFO - s.RepoProgressIndicatorAdapter - Parsing C:\Users\PORTABLE\AppData\Local\Android\Sdk\sources\android-26\package.xml 
2018-04-18 10:16:47,142 [ thread 60]   INFO - s.RepoProgressIndicatorAdapter - Parsing C:\Users\PORTABLE\AppData\Local\Android\Sdk\sources\android-27\package.xml 
2018-04-18 10:16:47,158 [ thread 60]   INFO - s.RepoProgressIndicatorAdapter - Parsing C:\Users\PORTABLE\AppData\Local\Android\Sdk\system-images\android-26\google_apis_playstore\x86\package.xml 
2018-04-18 10:16:47,174 [ thread 60]   INFO - s.RepoProgressIndicatorAdapter - Parsing C:\Users\PORTABLE\AppData\Local\Android\Sdk\tools\package.xml 
2018-04-18 10:16:47,213 [ thread 60]   INFO - s.RepoProgressIndicatorAdapter - Downloading https://dl.google.com/android/repository/repository2-1.xml 
2018-04-18 10:16:48,228 [ thread 60]   INFO - s.RepoProgressIndicatorAdapter - Downloading https://dl.google.com/android/repository/sys-img/android/sys-img2-1.xml 
2018-04-18 10:16:48,771 [ thread 60]   INFO - s.RepoProgressIndicatorAdapter - Downloading https://dl.google.com/android/repository/sys-img/android-wear/sys-img2-1.xml 
2018-04-18 10:16:49,142 [ thread 60]   INFO - s.RepoProgressIndicatorAdapter - Downloading https://dl.google.com/android/repository/sys-img/android-wear-cn/sys-img2-1.xml 
2018-04-18 10:16:49,459 [ thread 60]   INFO - s.RepoProgressIndicatorAdapter - Downloading https://dl.google.com/android/repository/sys-img/android-tv/sys-img2-1.xml 
2018-04-18 10:16:49,743 [ thread 60]   INFO - s.RepoProgressIndicatorAdapter - Downloading https://dl.google.com/android/repository/sys-img/google_apis/sys-img2-1.xml 
2018-04-18 10:16:50,064 [ thread 60]   INFO - s.RepoProgressIndicatorAdapter - Downloading https://dl.google.com/android/repository/sys-img/google_apis_playstore/sys-img2-1.xml 
2018-04-18 10:16:50,347 [ thread 60]   INFO - s.RepoProgressIndicatorAdapter - Downloading https://dl.google.com/android/repository/addon2-1.xml 
2018-04-18 10:16:50,700 [ thread 60]   INFO - s.RepoProgressIndicatorAdapter - Downloading https://dl.google.com/android/repository/glass/addon2-1.xml 
2018-04-18 10:16:51,013 [ thread 60]   INFO - s.RepoProgressIndicatorAdapter - Downloading https://dl.google.com/android/repository/extras/intel/addon2-1.xml 
2018-04-18 10:16:51,368 [ thread 60]   INFO - s.RepoProgressIndicatorAdapter - Downloading file:/C:/Program%20Files/Android/Android%20Studio/plugins/sdk-updates/offline-repo/offline-repo.xml 
2018-04-18 10:29:17,284 [ thread 77]   INFO - attrs.AttributeDefinitionsImpl - Found tag with unknown parent: AndroidManifest.AndroidManifestCompatibleScreens 
2018-04-18 10:29:17,316 [ thread 77]   INFO - attrs.AttributeDefinitionsImpl - Found tag with unknown parent: AndroidManifest.AndroidManifestSupportsInput 
2018-04-18 10:29:51,553 [ thread 70]   INFO -         #git4idea.commands.Git - VirtualFile for path [system/log/threadDumps-freeze-20180418-102945-AI-171.4443003-2sec/threadDump-20180418-102945.txt] is null 
2018-04-18 10:31:20,639 [ thread 78]   INFO - s.RepoProgressIndicatorAdapter - Parsing C:\Users\PORTABLE\AppData\Local\Android\Sdk\build-tools\26.0.2\package.xml 
2018-04-18 10:31:20,720 [ thread 78]   INFO - s.RepoProgressIndicatorAdapter - Parsing C:\Users\PORTABLE\AppData\Local\Android\Sdk\build-tools\27.0.3\package.xml 
2018-04-18 10:31:20,736 [ thread 78]   INFO - s.RepoProgressIndicatorAdapter - Parsing C:\Users\PORTABLE\AppData\Local\Android\Sdk\emulator\package.xml 
2018-04-18 10:31:20,754 [ thread 78]   INFO - s.RepoProgressIndicatorAdapter - Parsing C:\Users\PORTABLE\AppData\Local\Android\Sdk\extras\android\m2repository\package.xml 
2018-04-18 10:31:20,777 [ thread 78]   INFO - s.RepoProgressIndicatorAdapter - Parsing C:\Users\PORTABLE\AppData\Local\Android\Sdk\extras\google\google_play_services\package.xml 
2018-04-18 10:31:20,797 [ thread 78]   INFO - s.RepoProgressIndicatorAdapter - Parsing C:\Users\PORTABLE\AppData\Local\Android\Sdk\extras\google\m2repository\package.xml 
2018-04-18 10:31:20,813 [ thread 78]   INFO - s.RepoProgressIndicatorAdapter - Parsing C:\Users\PORTABLE\AppData\Local\Android\Sdk\extras\intel\Hardware_Accelerated_Execution_Manager\package.xml 
2018-04-18 10:31:20,825 [ thread 78]   INFO - s.RepoProgressIndicatorAdapter - Parsing C:\Users\PORTABLE\AppData\Local\Android\Sdk\extras\m2repository\com\android\support\constraint\constraint-layout-solver\1.0.2\package.xml 
2018-04-18 10:31:20,865 [ thread 78]   INFO - s.RepoProgressIndicatorAdapter - Parsing C:\Users\PORTABLE\AppData\Local\Android\Sdk\extras\m2repository\com\android\support\constraint\constraint-layout\1.0.2\package.xml 
2018-04-18 10:31:20,880 [ thread 78]   INFO - s.RepoProgressIndicatorAdapter - Parsing C:\Users\PORTABLE\AppData\Local\Android\Sdk\patcher\v4\package.xml 
2018-04-18 10:31:20,896 [ thread 78]   INFO - s.RepoProgressIndicatorAdapter - Parsing C:\Users\PORTABLE\AppData\Local\Android\Sdk\platform-tools\package.xml 
2018-04-18 10:31:20,914 [ thread 78]   INFO - s.RepoProgressIndicatorAdapter - Parsing C:\Users\PORTABLE\AppData\Local\Android\Sdk\platforms\android-14\package.xml 
2018-04-18 10:31:20,933 [ thread 78]   INFO - s.RepoProgressIndicatorAdapter - Parsing C:\Users\PORTABLE\AppData\Local\Android\Sdk\platforms\android-15\package.xml 
2018-04-18 10:31:20,953 [ thread 78]   INFO - s.RepoProgressIndicatorAdapter - Parsing C:\Users\PORTABLE\AppData\Local\Android\Sdk\platforms\android-16\package.xml 
2018-04-18 10:31:20,984 [ thread 78]   INFO - s.RepoProgressIndicatorAdapter - Parsing C:\Users\PORTABLE\AppData\Local\Android\Sdk\platforms\android-17\package.xml 
2018-04-18 10:31:21,003 [ thread 78]   INFO - s.RepoProgressIndicatorAdapter - Parsing C:\Users\PORTABLE\AppData\Local\Android\Sdk\platforms\android-18\package.xml 
2018-04-18 10:31:21,026 [ thread 78]   INFO - s.RepoProgressIndicatorAdapter - Parsing C:\Users\PORTABLE\AppData\Local\Android\Sdk\platforms\android-19\package.xml 
2018-04-18 10:31:21,049 [ thread 78]   INFO - s.RepoProgressIndicatorAdapter - Parsing C:\Users\PORTABLE\AppData\Local\Android\Sdk\platforms\android-21\package.xml 
2018-04-18 10:31:21,065 [ thread 78]   INFO - s.RepoProgressIndicatorAdapter - Parsing C:\Users\PORTABLE\AppData\Local\Android\Sdk\platforms\android-22\package.xml 
2018-04-18 10:31:21,083 [ thread 78]   INFO - s.RepoProgressIndicatorAdapter - Parsing C:\Users\PORTABLE\AppData\Local\Android\Sdk\platforms\android-23\package.xml 
2018-04-18 10:31:21,103 [ thread 78]   INFO - s.RepoProgressIndicatorAdapter - Parsing C:\Users\PORTABLE\AppData\Local\Android\Sdk\platforms\android-24\package.xml 
2018-04-18 10:31:21,117 [ thread 78]   INFO - s.RepoProgressIndicatorAdapter - Parsing C:\Users\PORTABLE\AppData\Local\Android\Sdk\platforms\android-25\package.xml 
2018-04-18 10:31:21,131 [ thread 78]   INFO - s.RepoProgressIndicatorAdapter - Parsing C:\Users\PORTABLE\AppData\Local\Android\Sdk\platforms\android-26\package.xml 
2018-04-18 10:31:21,145 [ thread 78]   INFO - s.RepoProgressIndicatorAdapter - Parsing C:\Users\PORTABLE\AppData\Local\Android\Sdk\platforms\android-27\package.xml 
2018-04-18 10:31:21,155 [ thread 78]   INFO - s.RepoProgressIndicatorAdapter - Parsing C:\Users\PORTABLE\AppData\Local\Android\Sdk\sources\android-14\package.xml 
2018-04-18 10:31:21,168 [ thread 78]   INFO - s.RepoProgressIndicatorAdapter - Parsing C:\Users\PORTABLE\AppData\Local\Android\Sdk\sources\android-15\package.xml 
2018-04-18 10:31:21,179 [ thread 78]   INFO - s.RepoProgressIndicatorAdapter - Parsing C:\Users\PORTABLE\AppData\Local\Android\Sdk\sources\android-16\package.xml 
2018-04-18 10:31:21,196 [ thread 78]   INFO - s.RepoProgressIndicatorAdapter - Parsing C:\Users\PORTABLE\AppData\Local\Android\Sdk\sources\android-17\package.xml 
2018-04-18 10:31:21,209 [ thread 78]   INFO - s.RepoProgressIndicatorAdapter - Parsing C:\Users\PORTABLE\AppData\Local\Android\Sdk\sources\android-18\package.xml 
2018-04-18 10:31:21,224 [ thread 78]   INFO - s.RepoProgressIndicatorAdapter - Parsing C:\Users\PORTABLE\AppData\Local\Android\Sdk\sources\android-19\package.xml 
2018-04-18 10:31:21,237 [ thread 78]   INFO - s.RepoProgressIndicatorAdapter - Parsing C:\Users\PORTABLE\AppData\Local\Android\Sdk\sources\android-21\package.xml 
2018-04-18 10:31:21,265 [ thread 78]   INFO - s.RepoProgressIndicatorAdapter - Parsing C:\Users\PORTABLE\AppData\Local\Android\Sdk\sources\android-22\package.xml 
2018-04-18 10:31:21,279 [ thread 78]   INFO - s.RepoProgressIndicatorAdapter - Parsing C:\Users\PORTABLE\AppData\Local\Android\Sdk\sources\android-23\package.xml 
2018-04-18 10:31:21,297 [ thread 78]   INFO - s.RepoProgressIndicatorAdapter - Parsing C:\Users\PORTABLE\AppData\Local\Android\Sdk\sources\android-24\package.xml 
2018-04-18 10:31:21,311 [ thread 78]   INFO - s.RepoProgressIndicatorAdapter - Parsing C:\Users\PORTABLE\AppData\Local\Android\Sdk\sources\android-25\package.xml 
2018-04-18 10:31:21,369 [ thread 78]   INFO - s.RepoProgressIndicatorAdapter - Parsing C:\Users\PORTABLE\AppData\Local\Android\Sdk\sources\android-26\package.xml 
2018-04-18 10:31:21,382 [ thread 78]   INFO - s.RepoProgressIndicatorAdapter - Parsing C:\Users\PORTABLE\AppData\Local\Android\Sdk\sources\android-27\package.xml 
2018-04-18 10:31:21,400 [ thread 78]   INFO - s.RepoProgressIndicatorAdapter - Parsing C:\Users\PORTABLE\AppData\Local\Android\Sdk\system-images\android-26\google_apis_playstore\x86\package.xml 
2018-04-18 10:31:21,413 [ thread 78]   INFO - s.RepoProgressIndicatorAdapter - Parsing C:\Users\PORTABLE\AppData\Local\Android\Sdk\tools\package.xml 
2018-04-18 10:31:21,450 [ thread 78]   INFO - s.RepoProgressIndicatorAdapter - Downloading https://dl.google.com/android/repository/repository2-1.xml 
2018-04-18 10:31:22,109 [ thread 78]   INFO - s.RepoProgressIndicatorAdapter - Downloading https://dl.google.com/android/repository/sys-img/android/sys-img2-1.xml 
2018-04-18 10:31:22,637 [ thread 78]   INFO - s.RepoProgressIndicatorAdapter - Downloading https://dl.google.com/android/repository/sys-img/android-wear/sys-img2-1.xml 
2018-04-18 10:31:23,018 [ thread 78]   INFO - s.RepoProgressIndicatorAdapter - Downloading https://dl.google.com/android/repository/sys-img/android-wear-cn/sys-img2-1.xml 
2018-04-18 10:31:23,334 [ thread 78]   INFO - s.RepoProgressIndicatorAdapter - Downloading https://dl.google.com/android/repository/sys-img/android-tv/sys-img2-1.xml 
2018-04-18 10:31:23,660 [ thread 78]   INFO - s.RepoProgressIndicatorAdapter - Downloading https://dl.google.com/android/repository/sys-img/google_apis/sys-img2-1.xml 
2018-04-18 10:31:24,010 [ thread 78]   INFO - s.RepoProgressIndicatorAdapter - Downloading https://dl.google.com/android/repository/sys-img/google_apis_playstore/sys-img2-1.xml 
2018-04-18 10:31:24,309 [ thread 78]   INFO - s.RepoProgressIndicatorAdapter - Downloading https://dl.google.com/android/repository/addon2-1.xml 
2018-04-18 10:31:24,669 [ thread 78]   INFO - s.RepoProgressIndicatorAdapter - Downloading https://dl.google.com/android/repository/glass/addon2-1.xml 
2018-04-18 10:31:24,983 [ thread 78]   INFO - s.RepoProgressIndicatorAdapter - Downloading https://dl.google.com/android/repository/extras/intel/addon2-1.xml 
2018-04-18 10:31:25,258 [ thread 78]   INFO - s.RepoProgressIndicatorAdapter - Downloading file:/C:/Program%20Files/Android/Android%20Studio/plugins/sdk-updates/offline-repo/offline-repo.xml 
2018-04-18 10:33:57,045 [se-915-b01]   INFO - stubs.SerializationManagerImpl - START StubSerializationManager SHUTDOWN 
2018-04-18 10:33:57,046 [se-915-b01]   INFO - stubs.SerializationManagerImpl - END StubSerializationManager SHUTDOWN 
2018-04-18 10:33:57,138 [se-915-b01]   INFO - org.jetbrains.io.BuiltInServer - web server stopped 
2018-04-18 10:33:57,155 [se-915-b01]   INFO - Types.impl.FileTypeManagerImpl - FileTypeManager: 18 auto-detected files
Elapsed time on auto-detect: 64 ms 
2018-04-18 10:33:57,333 [fier64.exe]   INFO - pl.local.NativeFileWatcherImpl - Watcher terminated with exit code 0 
2018-04-18 10:33:57,335 [se-915-b01]   INFO - il.indexing.FileBasedIndexImpl - START INDEX SHUTDOWN 
2018-04-18 10:33:59,412 [se-915-b01]   INFO - il.indexing.FileBasedIndexImpl - END INDEX SHUTDOWN 
2018-04-18 10:33:59,442 [se-915-b01]   INFO - newvfs.persistent.PersistentFS - VFS dispose started 
2018-04-18 10:33:59,477 [se-915-b01]   INFO - newvfs.persistent.PersistentFS - VFS dispose completed 
2018-04-18 10:33:59,480 [se-915-b01]   INFO -   #com.intellij.util.Restarter - restart: [C:\Users\PORTABLE\.AndroidStudio3.0\system\restart\VistaLauncher.exe, C:\Users\PORTABLE\.AndroidStudio3.0\system\tmp\patch-update\jre\bin\java.exe, -Xmx750m, -cp, C:\Users\PORTABLE\.AndroidStudio3.0\system\tmp\patch-update\patch.jar;C:\Users\PORTABLE\.AndroidStudio3.0\system\tmp\patch-update\log4j.jar;C:\Users\PORTABLE\.AndroidStudio3.0\system\tmp\patch-update\jna.jar;C:\Users\PORTABLE\.AndroidStudio3.0\system\tmp\patch-update\jna-platform.jar, -Djna.nosys=true, -Djna.boot.library.path=, -Djna.debug_load=true, -Djna.debug_load.jna=true, -Djava.io.tmpdir=C:\Users\PORTABLE\.AndroidStudio3.0\system\tmp\patch-update, -Didea.updater.log=C:\Users\PORTABLE\.AndroidStudio3.0\system\log, -Dswing.defaultlaf=com.sun.java.swing.plaf.windows.WindowsLookAndFeel, com.intellij.updater.Runner, install, C:\Program Files\Android\Android Studio] 
2018-04-18 10:34:02,474 [ - logging]   INFO -        #com.intellij.idea.Main - ------------------------------------------------------ IDE SHUTDOWN ------------------------------------------------------ 
2018-04-18 10:34:02,496 [wn tracker]   INFO - org.jetbrains.io.BuiltInServer - web server stopped 
